[23:52:50] [main/INFO] (FabricLoader/GameProvider) Loading Minecraft 1.21.4 with Fabric Loader 0.16.10
[23:52:50] [main/INFO] (FabricLoader) Loading 55 mods:
	- fabric-api 0.119.2+1.21.4
	- fabric-api-base 0.4.54+b47eab6b04
	- fabric-api-lookup-api-v1 1.6.86+b1caf1e904
	- fabric-biome-api-v1 15.0.6+b1c29d8e04
	- fabric-block-api-v1 1.0.31+7feeb73304
	- fabric-block-view-api-v2 1.0.20+9c49cc8c04
	- fabric-blockrenderlayer-v1 2.0.8+7feeb73304
	- fabric-client-gametest-api-v1 4.1.1+6816ccd404
	- fabric-client-tags-api-v1 1.1.29+20ea1e2304
	- fabric-command-api-v1 1.2.62+f71b366f04
	- fabric-command-api-v2 2.2.41+e496eb1504
	- fabric-commands-v0 0.2.79+df3654b304
	- fabric-content-registries-v0 9.1.19+25d1a67604
	- fabric-convention-tags-v1 2.1.20+7f945d5b04
	- fabric-convention-tags-v2 2.14.1+1edcd29104
	- fabric-crash-report-info-v1 0.3.6+7feeb73304
	- fabric-data-attachment-api-v1 1.6.2+e99da0f704
	- fabric-data-generation-api-v1 22.3.1+0f4e5f5504
	- fabric-dimensions-v1 4.0.10+7feeb73304
	- fabric-entity-events-v1 2.0.15+62245bef04
	- fabric-events-interaction-v0 4.0.4+a4eebcf004
	- fabric-game-rule-api-v1 1.0.63+7d48d43904
	- fabric-gametest-api-v1 2.0.26+7feeb73304
	- fabric-item-api-v1 11.3.0+ee91fa1f04
	- fabric-item-group-api-v1 4.2.2+fcb9601404
	- fabric-key-binding-api-v1 1.0.57+7d48d43904
	- fabric-keybindings-v0 0.2.55+df3654b304
	- fabric-lifecycle-events-v1 2.5.4+bf2a60eb04
	- fabric-loot-api-v2 3.0.38+3f89f5a504
	- fabric-loot-api-v3 1.0.26+203e6b2304
	- fabric-message-api-v1 6.0.25+7feeb73304
	- fabric-model-loading-api-v1 4.3.0+ae23723504
	- fabric-networking-api-v1 4.4.0+db5e668204
	- fabric-object-builder-api-v1 18.0.14+38b0d59804
	- fabric-particles-v1 4.0.14+7feeb73304
	- fabric-recipe-api-v1 8.1.1+640e77ae04
	- fabric-registry-sync-v0 6.1.11+4a9c1ece04
	- fabric-renderer-api-v1 5.0.3+50f0feb204
	- fabric-renderer-indigo 2.0.3+50f0feb204
	- fabric-rendering-data-attachment-v1 0.3.58+73761d2e04
	- fabric-rendering-fluids-v1 3.1.19+7feeb73304
	- fabric-rendering-v1 10.2.1+0d31b09f04
	- fabric-resource-conditions-api-v1 5.0.13+203e6b2304
	- fabric-resource-loader-v0 3.1.1+360374ac04
	- fabric-screen-api-v1 2.0.38+7feeb73304
	- fabric-screen-handler-api-v1 1.3.118+7feeb73304
	- fabric-sound-api-v1 1.0.32+7feeb73304
	- fabric-tag-api-v1 1.0.7+7d48d43904
	- fabric-transfer-api-v1 5.4.9+efa825c904
	- fabric-transitive-access-wideners-v1 6.3.2+56e78b9b04
	- fabricloader 0.16.10
	- galaxyclient 0.1
	- java 21
	- minecraft 1.21.4
	- mixinextras 0.4.1
[23:52:50] [main/INFO] (FabricLoader/Mixin) SpongePowered MIXIN Subsystem Version=0.8.7 Source=file:/C:/Users/rusian85/.gradle/caches/modules-2/files-2.1/net.fabricmc/sponge-mixin/0.15.4+mixin.0.8.7/6a12aacc794f1078458433116e9ed42c1cc98096/sponge-mixin-0.15.4+mixin.0.8.7.jar Service=Knot/Fabric Env=CLIENT
[23:52:50] [main/INFO] (FabricLoader/Mixin) Loaded Fabric development mappings for mixin remapper!
[23:52:50] [main/INFO] (FabricLoader/Mixin) Compatibility level set to JAVA_21
[23:52:51] [main/INFO] (FabricLoader/MixinExtras|Service) Initializing MixinExtras via com.llamalad7.mixinextras.service.MixinExtrasServiceImpl(version=0.4.1).
[23:52:51] [Datafixer Bootstrap/INFO] (Minecraft) 243 Datafixer optimizations took 268 milliseconds
[23:52:51] [main/WARN] (PerfmonDisabled) Invalid registry value type detected for PerfOS counters. Should be REG_DWORD. Ignoring: HKEY_LOCAL_MACHINE\SYSTEM\CurrentControlSet\Services\PerfOS\Performance\Disable Performance Counters.
[23:52:54] [Render thread/INFO] (Minecraft) Environment: Environment[sessionHost=https://sessionserver.mojang.com, servicesHost=https://api.minecraftservices.com, name=PROD]
[23:52:54] [Render thread/INFO] (Minecraft) Setting user: Player925
[23:52:54] [Download-1/WARN] (Minecraft) Couldn't look up profile properties for e89f66cb-0a69-3d94-b7b6-67b622c18a58
com.mojang.authlib.exceptions.MinecraftClientException: Failed to read from https://sessionserver.mojang.com/session/minecraft/profile/e89f66cb0a693d94b7b667b622c18a58?unsigned=false due to Connection refused: getsockopt
	at knot/com.mojang.authlib.minecraft.client.MinecraftClient.readInputStream(MinecraftClient.java:111) ~[authlib-6.0.57.jar:?]
	at knot/com.mojang.authlib.minecraft.client.MinecraftClient.get(MinecraftClient.java:56) ~[authlib-6.0.57.jar:?]
	at knot/com.mojang.authlib.yggdrasil.YggdrasilMinecraftSessionService.fetchProfileUncached(YggdrasilMinecraftSessionService.java:201) ~[authlib-6.0.57.jar:?]
	at knot/com.mojang.authlib.yggdrasil.YggdrasilMinecraftSessionService.fetchProfile(YggdrasilMinecraftSessionService.java:171) ~[authlib-6.0.57.jar:?]
	at knot/net.minecraft.client.MinecraftClient.method_53464(MinecraftClient.java:516) ~[minecraft-merged-d1fae903ae-1.21.4-net.fabricmc.yarn.1_21_4.1.21.4+build.8-v2.jar:?]
	at java.base/java.util.concurrent.CompletableFuture$AsyncSupply.run(CompletableFuture.java:1768) ~[?:?]
	at java.base/java.util.concurrent.ThreadPoolExecutor.runWorker(ThreadPoolExecutor.java:1144) ~[?:?]
	at java.base/java.util.concurrent.ThreadPoolExecutor$Worker.run(ThreadPoolExecutor.java:642) ~[?:?]
	at java.base/java.lang.Thread.run(Thread.java:1583) [?:?]
Caused by: java.net.ConnectException: Connection refused: getsockopt
	at java.base/sun.nio.ch.Net.pollConnect(Native Method) ~[?:?]
	at java.base/sun.nio.ch.Net.pollConnectNow(Net.java:682) ~[?:?]
	at java.base/sun.nio.ch.NioSocketImpl.timedFinishConnect(NioSocketImpl.java:542) ~[?:?]
	at java.base/sun.nio.ch.NioSocketImpl.connect(NioSocketImpl.java:592) ~[?:?]
	at java.base/java.net.SocksSocketImpl.connect(SocksSocketImpl.java:327) ~[?:?]
	at java.base/java.net.Socket.connect(Socket.java:751) ~[?:?]
	at java.base/sun.security.ssl.SSLSocketImpl.connect(SSLSocketImpl.java:304) ~[?:?]
	at java.base/sun.net.NetworkClient.doConnect(NetworkClient.java:178) ~[?:?]
	at java.base/sun.net.www.http.HttpClient.openServer(HttpClient.java:531) ~[?:?]
	at java.base/sun.net.www.http.HttpClient.openServer(HttpClient.java:636) ~[?:?]
	at java.base/sun.net.www.protocol.https.HttpsClient.<init>(HttpsClient.java:264) ~[?:?]
	at java.base/sun.net.www.protocol.https.HttpsClient.New(HttpsClient.java:377) ~[?:?]
	at java.base/sun.net.www.protocol.https.AbstractDelegateHttpsURLConnection.getNewHttpClient(AbstractDelegateHttpsURLConnection.java:193) ~[?:?]
	at java.base/sun.net.www.protocol.http.HttpURLConnection.plainConnect0(HttpURLConnection.java:1297) ~[?:?]
	at java.base/sun.net.www.protocol.http.HttpURLConnection.plainConnect(HttpURLConnection.java:1138) ~[?:?]
	at java.base/sun.net.www.protocol.https.AbstractDelegateHttpsURLConnection.connect(AbstractDelegateHttpsURLConnection.java:179) ~[?:?]
	at java.base/sun.net.www.protocol.http.HttpURLConnection.getInputStream0(HttpURLConnection.java:1690) ~[?:?]
	at java.base/sun.net.www.protocol.http.HttpURLConnection.getInputStream(HttpURLConnection.java:1614) ~[?:?]
	at java.base/java.net.HttpURLConnection.getResponseCode(HttpURLConnection.java:531) ~[?:?]
	at java.base/sun.net.www.protocol.https.HttpsURLConnectionImpl.getResponseCode(HttpsURLConnectionImpl.java:307) ~[?:?]
	at knot/com.mojang.authlib.minecraft.client.MinecraftClient.readInputStream(MinecraftClient.java:82) ~[authlib-6.0.57.jar:?]
	... 8 more
[23:52:54] [Render thread/INFO] (Indigo) [Indigo] Registering Indigo renderer!
[23:52:55] [Render thread/INFO] (Minecraft) Backend library: LWJGL version 3.3.3-snapshot
[23:52:56] [Render thread/INFO] (Minecraft) Reloading ResourceManager: vanilla, fabric, fabric-api, fabric-api-base, fabric-api-lookup-api-v1, fabric-biome-api-v1, fabric-block-api-v1, fabric-block-view-api-v2, fabric-blockrenderlayer-v1, fabric-client-gametest-api-v1, fabric-client-tags-api-v1, fabric-command-api-v1, fabric-command-api-v2, fabric-commands-v0, fabric-content-registries-v0, fabric-convention-tags-v1, fabric-convention-tags-v2, fabric-crash-report-info-v1, fabric-data-attachment-api-v1, fabric-data-generation-api-v1, fabric-dimensions-v1, fabric-entity-events-v1, fabric-events-interaction-v0, fabric-game-rule-api-v1, fabric-gametest-api-v1, fabric-item-api-v1, fabric-item-group-api-v1, fabric-key-binding-api-v1, fabric-keybindings-v0, fabric-lifecycle-events-v1, fabric-loot-api-v2, fabric-loot-api-v3, fabric-message-api-v1, fabric-model-loading-api-v1, fabric-networking-api-v1, fabric-object-builder-api-v1, fabric-particles-v1, fabric-recipe-api-v1, fabric-registry-sync-v0, fabric-renderer-api-v1, fabric-renderer-indigo, fabric-rendering-data-attachment-v1, fabric-rendering-fluids-v1, fabric-rendering-v1, fabric-resource-conditions-api-v1, fabric-resource-loader-v0, fabric-screen-api-v1, fabric-screen-handler-api-v1, fabric-sound-api-v1, fabric-tag-api-v1, fabric-transfer-api-v1, fabric-transitive-access-wideners-v1, fabricloader
[23:52:56] [Worker-Main-9/INFO] (Minecraft) Found unifont_all_no_pua-16.0.01.hex, loading
[23:52:56] [Worker-Main-11/INFO] (Minecraft) Found unifont_jp_patch-16.0.01.hex, loading
[23:52:56] [Render thread/INFO] (Minecraft) OpenAL initialized on device OpenAL Soft on HA2705 (NVIDIA High Definition Audio)
[23:52:56] [Render thread/INFO] (Minecraft) Sound engine started
[23:52:56] [Render thread/INFO] (Minecraft) Created: 1024x512x4 minecraft:textures/atlas/blocks.png-atlas
[23:52:56] [Render thread/INFO] (Minecraft) Created: 256x256x4 minecraft:textures/atlas/signs.png-atlas
[23:52:56] [Render thread/INFO] (Minecraft) Created: 512x512x4 minecraft:textures/atlas/banner_patterns.png-atlas
[23:52:56] [Render thread/INFO] (Minecraft) Created: 512x512x4 minecraft:textures/atlas/shield_patterns.png-atlas
[23:52:56] [Render thread/INFO] (Minecraft) Created: 2048x1024x4 minecraft:textures/atlas/armor_trims.png-atlas
[23:52:56] [Render thread/INFO] (Minecraft) Created: 256x256x4 minecraft:textures/atlas/chest.png-atlas
[23:52:56] [Render thread/INFO] (Minecraft) Created: 128x64x4 minecraft:textures/atlas/decorated_pot.png-atlas
[23:52:56] [Render thread/INFO] (Minecraft) Created: 512x256x4 minecraft:textures/atlas/beds.png-atlas
[23:52:56] [Render thread/INFO] (Minecraft) Created: 512x256x4 minecraft:textures/atlas/shulker_boxes.png-atlas
[23:52:56] [Render thread/INFO] (Minecraft) Created: 64x64x0 minecraft:textures/atlas/map_decorations.png-atlas
[23:52:56] [Render thread/INFO] (Minecraft) Created: 512x256x0 minecraft:textures/atlas/particles.png-atlas
[23:52:56] [Render thread/INFO] (Minecraft) Created: 512x256x0 minecraft:textures/atlas/paintings.png-atlas
[23:52:56] [Render thread/INFO] (Minecraft) Created: 256x128x0 minecraft:textures/atlas/mob_effects.png-atlas
[23:52:56] [Render thread/INFO] (Minecraft) Created: 1024x512x0 minecraft:textures/atlas/gui.png-atlas
[23:53:06] [Render thread/INFO] (Minecraft) Loaded 1370 recipes
[23:53:06] [Render thread/INFO] (Minecraft) Loaded 1481 advancements
[23:53:06] [Render thread/INFO] (BiomeModificationImpl) Applied 0 biome modifications to 0 of 65 new biomes in 861.6 μs
[23:53:06] [Server thread/INFO] (Minecraft) Starting integrated minecraft server version 1.21.4
[23:53:06] [Server thread/INFO] (Minecraft) Generating keypair
[23:53:07] [Server thread/INFO] (Minecraft) Preparing start region for dimension minecraft:overworld
[23:53:07] [Render thread/INFO] (Minecraft) Подготовка области возрождения: 0%
[23:53:07] [Render thread/INFO] (Minecraft) Time elapsed: 126 ms
[23:53:07] [Server thread/INFO] (Minecraft) Changing view distance to 12, from 10
[23:53:07] [Server thread/INFO] (Minecraft) Changing simulation distance to 12, from 0
[23:53:07] [Server thread/INFO] (Minecraft) Player925[local:E:ca543936] logged in with entity id 33 at (-46.602355311648964, -60.0, -38.84677564864792)
[23:53:07] [Server thread/INFO] (Minecraft) Player925 присоединился к игре
[23:53:07] [Render thread/INFO] (Minecraft) Loaded 5 advancements
[23:53:08] [Server thread/INFO] (Minecraft) Saving and pausing game...
[23:53:08] [Server thread/INFO] (Minecraft) Saving chunks for level 'ServerLevel[Новый мир]'/minecraft:overworld
[23:53:08] [Server thread/INFO] (Minecraft) Saving chunks for level 'ServerLevel[Новый мир]'/minecraft:the_nether
[23:53:08] [Server thread/INFO] (Minecraft) Saving chunks for level 'ServerLevel[Новый мир]'/minecraft:the_end
[23:53:10] [Server thread/INFO] (Minecraft) Saving and pausing game...
[23:53:10] [Server thread/INFO] (Minecraft) Saving chunks for level 'ServerLevel[Новый мир]'/minecraft:overworld
[23:53:10] [Server thread/INFO] (Minecraft) Saving chunks for level 'ServerLevel[Новый мир]'/minecraft:the_nether
[23:53:10] [Server thread/INFO] (Minecraft) Saving chunks for level 'ServerLevel[Новый мир]'/minecraft:the_end
[23:53:11] [Render thread/INFO] (Minecraft) [STDOUT]: KillAura enabled. Target Mobs: true, Target Players: false
[23:53:17] [Server thread/INFO] (Minecraft) Saving and pausing game...
[23:53:17] [Server thread/INFO] (Minecraft) Saving chunks for level 'ServerLevel[Новый мир]'/minecraft:overworld
[23:53:17] [Server thread/INFO] (Minecraft) Saving chunks for level 'ServerLevel[Новый мир]'/minecraft:the_nether
[23:53:17] [Server thread/INFO] (Minecraft) Saving chunks for level 'ServerLevel[Новый мир]'/minecraft:the_end
[23:53:18] [Server thread/INFO] (Minecraft) Player925 lost connection: Отключение
[23:53:18] [Server thread/INFO] (Minecraft) Player925 покинул игру
[23:53:18] [Server thread/INFO] (Minecraft) Stopping singleplayer server as player logged out
[23:53:18] [Server thread/INFO] (Minecraft) Stopping server
[23:53:18] [Server thread/INFO] (Minecraft) Saving players
[23:53:18] [Server thread/INFO] (Minecraft) Saving worlds
[23:53:18] [Server thread/INFO] (Minecraft) Saving chunks for level 'ServerLevel[Новый мир]'/minecraft:overworld
[23:53:20] [Server thread/INFO] (Minecraft) Saving chunks for level 'ServerLevel[Новый мир]'/minecraft:the_nether
[23:53:20] [Server thread/INFO] (Minecraft) Saving chunks for level 'ServerLevel[Новый мир]'/minecraft:the_end
[23:53:20] [Server thread/INFO] (Minecraft) ThreadedAnvilChunkStorage (Новый мир): All chunks are saved
[23:53:20] [Server thread/INFO] (Minecraft) ThreadedAnvilChunkStorage (DIM-1): All chunks are saved
[23:53:20] [Server thread/INFO] (Minecraft) ThreadedAnvilChunkStorage (DIM1): All chunks are saved
[23:53:20] [Server thread/INFO] (Minecraft) ThreadedAnvilChunkStorage: All dimensions are saved
[23:53:30] [Render thread/INFO] (Minecraft) Connecting to supermc.su, 25565
[23:53:30] [Render thread/INFO] (Minecraft) [System] [CHAT] SuperMine ⟹ Идет проверка, пожалуйста, подождите...
[23:53:30] [Render thread/INFO] (Minecraft) [System] [CHAT] SuperMine ⟹ Идет проверка, пожалуйста, подождите...
[23:53:31] [Render thread/INFO] (Minecraft) [System] [CHAT] SuperMine ⟹ Идет проверка, пожалуйста, подождите...
[23:53:31] [Render thread/INFO] (Minecraft) [System] [CHAT] SuperMine ⟹ Идет проверка, пожалуйста, подождите...
[23:53:34] [Render thread/INFO] (Minecraft) [System] [CHAT] SuperMine ⟹ Идет проверка, пожалуйста, подождите...
[23:53:39] [Render thread/INFO] (Minecraft) [STDOUT]: KillAura disabled.
[23:53:40] [Render thread/INFO] (Minecraft) [System] [CHAT] SuperMine ⟹ Идет проверка, пожалуйста, подождите...
[23:53:43] [Render thread/INFO] (Minecraft) [System] [CHAT] SuperMine ⟹ Решите пазл поворачивая отдельные картинки в правильное положение
[23:53:48] [Render thread/INFO] (Minecraft) [System] [CHAT] SuperMine ⟹ Решите пазл поворачивая отдельные картинки в правильное положение
[23:53:54] [Render thread/INFO] (Minecraft) [System] [CHAT] SuperMine ⟹ Решите пазл поворачивая отдельные картинки в правильное положение
[23:53:55] [Render thread/INFO] (Minecraft) [System] [CHAT] SuperMine ⟹ Проверка пройдена, приятной игры!
[23:53:56] [Render thread/INFO] (Minecraft) [System] [CHAT]                                      
[23:53:56] [Render thread/INFO] (Minecraft) Loaded 2 advancements
[23:53:58] [Render thread/INFO] (Minecraft) [System] [CHAT] Зарегистрируйтесь - /register [пароль]
[23:54:03] [Render thread/INFO] (Minecraft) [System] [CHAT] Зарегистрируйтесь - /register [пароль]
[23:54:03] [Render thread/INFO] (Minecraft) [System] [CHAT] Вы успешно зарегистрировались!
[23:54:03] [Render thread/INFO] (Minecraft) [System] [CHAT] Вы успешно вошли!
[23:54:07] [Render thread/INFO] (Minecraft) [System] [CHAT] ▬▬▬▬▬▬▬▬▬▬▬▬▬▬▬▬▬▬▬▬▬▬▬▬▬▬▬▬▬▬▬▬▬▬▬▬▬▬▬▬▬
[23:54:07] [Render thread/INFO] (Minecraft) [System] [CHAT] 
[23:54:07] [Render thread/INFO] (Minecraft) [System] [CHAT] Добро пожаловать на сервер SuperMine
[23:54:07] [Render thread/INFO] (Minecraft) [System] [CHAT] Информация о донат-услугах /donate
[23:54:07] [Render thread/INFO] (Minecraft) [System] [CHAT] Наша группа [ВК] vk.com/super_mc
[23:54:07] [Render thread/INFO] (Minecraft) [System] [CHAT] Донат покупать на сайте - SuperMine.su
[23:54:07] [Render thread/INFO] (Minecraft) [System] [CHAT] Сейчас действуют скидки 90%
[23:54:07] [Render thread/INFO] (Minecraft) [System] [CHAT] 
[23:54:07] [Render thread/INFO] (Minecraft) [System] [CHAT] ▬▬▬▬▬▬▬▬▬▬▬▬▬▬▬▬▬▬▬▬▬▬▬▬▬▬▬▬▬▬▬▬▬▬▬▬▬▬▬▬▬
[23:54:07] [Render thread/INFO] (Minecraft) Loaded 5 advancements
[23:54:07] [Render thread/WARN] (Minecraft) Requested creation of existing team 'hlazergo1'
[23:54:07] [Render thread/INFO] (Minecraft) Loaded 93 advancements
[23:54:07] [Render thread/WARN] (Minecraft) Requested creation of existing team 'hlazergo1'
[23:54:07] [Render thread/WARN] (Minecraft) Requested creation of existing team 'kmr_krowwww'
[23:54:07] [Render thread/WARN] (Minecraft) Requested creation of existing team 'hlazergo1'
[23:54:07] [Render thread/WARN] (Minecraft) Requested creation of existing team 'hlazergo1'
[23:54:07] [Render thread/WARN] (Minecraft) Requested creation of existing team 'kmr_krowwww'
[23:54:07] [Render thread/WARN] (Minecraft) Received packet for unknown team npc-§f§8§r§6§2§e§a§5: team action: null, player action: null
[23:54:07] [Render thread/WARN] (Minecraft) Received packet for unknown team npc-§f§8§r§6§2§e§a§5: team action: null, player action: null
[23:54:07] [Render thread/WARN] (Minecraft) Received packet for unknown team npc-§f§8§r§6§2§e§a§5: team action: null, player action: null
[23:54:08] [Render thread/WARN] (Minecraft) Requested creation of existing team 'kmr_krowwww'
[23:54:08] [Render thread/WARN] (Minecraft) Requested creation of existing team 'hlazergo1'
[23:54:08] [Render thread/WARN] (Minecraft) Requested creation of existing team 'hlazergo1'
[23:54:08] [Render thread/WARN] (Minecraft) Requested creation of existing team 'kmr_krowwww'
[23:54:08] [Render thread/WARN] (Minecraft) Requested creation of existing team 'hlazergo1'
[23:54:08] [Render thread/INFO] (Minecraft) [System] [CHAT] Награды ➥ Вам доступна ежедневная награда! Напишите /rewards, чтобы получить её.
[23:54:08] [Render thread/WARN] (Minecraft) Requested creation of existing team 'hlazergo1'
[23:54:08] [Render thread/WARN] (Minecraft) Requested creation of existing team 'kmr_krowwww'
[23:54:08] [Render thread/WARN] (Minecraft) Requested creation of existing team 'hlazergo1'
[23:54:08] [Render thread/WARN] (Minecraft) Requested creation of existing team 'hlazergo1'
[23:54:08] [Render thread/WARN] (Minecraft) Requested creation of existing team 'kmr_krowwww'
[23:54:08] [Render thread/WARN] (Minecraft) Requested creation of existing team 'hlazergo1'
[23:54:09] [Render thread/WARN] (Minecraft) Requested creation of existing team 'hlazergo1'
[23:54:09] [Render thread/WARN] (Minecraft) Requested creation of existing team 'kmr_krowwww'
[23:54:09] [Render thread/WARN] (Minecraft) Requested creation of existing team 'hlazergo1'
[23:54:09] [Render thread/WARN] (Minecraft) Requested creation of existing team 'hlazergo1'
[23:54:09] [Render thread/WARN] (Minecraft) Requested creation of existing team 'kmr_krowwww'
[23:54:09] [Render thread/WARN] (Minecraft) Requested creation of existing team 'hlazergo1'
[23:54:09] [Render thread/WARN] (Minecraft) Requested creation of existing team 'hlazergo1'
[23:54:09] [Render thread/WARN] (Minecraft) Requested creation of existing team 'kmr_krowwww'
[23:54:09] [Render thread/WARN] (Minecraft) Requested creation of existing team 'hlazergo1'
[23:54:09] [Render thread/WARN] (Minecraft) Requested creation of existing team 'hlazergo1'
[23:54:10] [Render thread/WARN] (Minecraft) Requested creation of existing team 'kmr_krowwww'
[23:54:10] [Render thread/WARN] (Minecraft) Requested creation of existing team 'hlazergo1'
[23:54:10] [Render thread/WARN] (Minecraft) Requested creation of existing team 'hlazergo1'
[23:54:10] [Render thread/WARN] (Minecraft) Requested creation of existing team 'hlazergo1'
[23:54:10] [Render thread/WARN] (Minecraft) Requested creation of existing team 'kmr_krowwww'
[23:54:10] [Render thread/WARN] (Minecraft) Requested creation of existing team 'hlazergo1'
[23:54:10] [Render thread/WARN] (Minecraft) Requested creation of existing team 'hlazergo1'
[23:54:10] [Render thread/WARN] (Minecraft) Requested creation of existing team 'kmr_krowwww'
[23:54:10] [Render thread/WARN] (Minecraft) Requested creation of existing team 'hlazergo1'
[23:54:10] [Render thread/WARN] (Minecraft) Requested creation of existing team 'hlazergo1'
[23:54:10] [Render thread/WARN] (Minecraft) Requested creation of existing team 'kmr_krowwww'
[23:54:10] [Render thread/WARN] (Minecraft) Requested creation of existing team 'hlazergo1'
[23:54:11] [Render thread/WARN] (Minecraft) Requested creation of existing team 'hlazergo1'
[23:54:11] [Render thread/WARN] (Minecraft) Requested creation of existing team 'hlazergo1'
[23:54:11] [Render thread/WARN] (Minecraft) Requested creation of existing team 'kmr_krowwww'
[23:54:11] [Render thread/WARN] (Minecraft) Requested creation of existing team 'hlazergo1'
[23:54:11] [Render thread/WARN] (Minecraft) Requested creation of existing team 'hlazergo1'
[23:54:11] [Render thread/WARN] (Minecraft) Requested creation of existing team 'kmr_krowwww'
[23:54:11] [Render thread/WARN] (Minecraft) Requested creation of existing team 'hlazergo1'
[23:54:11] [Render thread/WARN] (Minecraft) Requested creation of existing team 'hlazergo1'
[23:54:11] [Render thread/WARN] (Minecraft) Requested creation of existing team 'kmr_krowwww'
[23:54:11] [Render thread/WARN] (Minecraft) Requested creation of existing team 'hlazergo1'
[23:54:11] [Render thread/WARN] (Minecraft) Requested creation of existing team 'hlazergo1'
[23:54:11] [Render thread/WARN] (Minecraft) Requested creation of existing team 'hlazergo1'
[23:54:12] [Render thread/WARN] (Minecraft) Requested creation of existing team 'kmr_krowwww'
[23:54:12] [Render thread/WARN] (Minecraft) Requested creation of existing team 'hlazergo1'
[23:54:12] [Render thread/WARN] (Minecraft) Requested creation of existing team 'hlazergo1'
[23:54:12] [Render thread/WARN] (Minecraft) Requested creation of existing team 'kmr_krowwww'
[23:54:12] [Render thread/WARN] (Minecraft) Requested creation of existing team 'hlazergo1'
[23:54:12] [Render thread/WARN] (Minecraft) Requested creation of existing team 'hlazergo1'
[23:54:12] [Render thread/WARN] (Minecraft) Requested creation of existing team 'kmr_krowwww'
[23:54:12] [Render thread/WARN] (Minecraft) Requested creation of existing team 'hlazergo1'
[23:54:12] [Render thread/WARN] (Minecraft) Requested creation of existing team 'hlazergo1'
[23:54:12] [Render thread/WARN] (Minecraft) Requested creation of existing team 'kmr_krowwww'
[23:54:12] [Render thread/WARN] (Minecraft) Requested creation of existing team 'hlazergo1'
[23:54:13] [Render thread/WARN] (Minecraft) Requested creation of existing team 'kmr_krowwww'
[23:54:13] [Render thread/WARN] (Minecraft) Requested creation of existing team 'hlazergo1'
[23:54:13] [Render thread/WARN] (Minecraft) Requested creation of existing team 'hlazergo1'
[23:54:13] [Render thread/WARN] (Minecraft) Requested creation of existing team 'hlazergo1'
[23:54:13] [Render thread/WARN] (Minecraft) Requested creation of existing team 'kmr_krowwww'
[23:54:13] [Render thread/WARN] (Minecraft) Requested creation of existing team 'hlazergo1'
[23:54:13] [Render thread/WARN] (Minecraft) Requested creation of existing team 'hlazergo1'
[23:54:13] [Render thread/WARN] (Minecraft) Requested creation of existing team 'kmr_krowwww'
[23:54:13] [Render thread/WARN] (Minecraft) Requested creation of existing team 'hlazergo1'
[23:54:13] [Render thread/WARN] (Minecraft) Requested creation of existing team 'hlazergo1'
[23:54:13] [Render thread/INFO] (Minecraft) Loaded 95 advancements
[23:54:13] [Render thread/WARN] (Minecraft) Requested creation of existing team 'kmr_krowwww'
[23:54:14] [Render thread/WARN] (Minecraft) Requested creation of existing team 'hlazergo1'
[23:54:14] [Render thread/WARN] (Minecraft) Requested creation of existing team 'hlazergo1'
[23:54:14] [Render thread/WARN] (Minecraft) Requested creation of existing team 'kmr_krowwww'
[23:54:14] [Render thread/WARN] (Minecraft) Requested creation of existing team 'hlazergo1'
[23:54:14] [Render thread/WARN] (Minecraft) Requested creation of existing team 'hlazergo1'
[23:54:14] [Render thread/WARN] (Minecraft) Requested creation of existing team 'kmr_krowwww'
[23:54:14] [Render thread/WARN] (Minecraft) Requested creation of existing team 'hlazergo1'
[23:54:14] [Render thread/WARN] (Minecraft) Requested creation of existing team 'hlazergo1'
[23:54:14] [Render thread/WARN] (Minecraft) Requested creation of existing team 'kmr_krowwww'
[23:54:14] [Render thread/INFO] (Minecraft) [System] [CHAT] [ɢ]  [Игрок] Aqoi  ➦ Если хочешь можешь забрать вещи те
[23:54:14] [Render thread/WARN] (Minecraft) Requested creation of existing team 'hlazergo1'
[23:54:15] [Render thread/WARN] (Minecraft) Requested creation of existing team 'hlazergo1'
[23:54:15] [Render thread/WARN] (Minecraft) Requested creation of existing team 'kmr_krowwww'
[23:54:15] [Render thread/WARN] (Minecraft) Requested creation of existing team 'hlazergo1'
[23:54:15] [Render thread/WARN] (Minecraft) Requested creation of existing team 'hlazergo1'
[23:54:15] [Render thread/WARN] (Minecraft) Requested creation of existing team 'kmr_krowwww'
[23:54:15] [Render thread/WARN] (Minecraft) Requested creation of existing team 'hlazergo1'
[23:54:15] [Render thread/WARN] (Minecraft) Requested creation of existing team 'hlazergo1'
[23:54:15] [Render thread/WARN] (Minecraft) Requested creation of existing team 'kmr_krowwww'
[23:54:15] [Render thread/WARN] (Minecraft) Requested creation of existing team 'hlazergo1'
[23:54:15] [Render thread/WARN] (Minecraft) Requested creation of existing team 'hlazergo1'
[23:54:15] [Render thread/WARN] (Minecraft) Requested creation of existing team 'hlazergo1'
[23:54:15] [Render thread/WARN] (Minecraft) Requested creation of existing team 'kmr_krowwww'
[23:54:16] [Render thread/WARN] (Minecraft) Requested creation of existing team 'hlazergo1'
[23:54:16] [Render thread/WARN] (Minecraft) Received packet for unknown team npc-§f§d§l§8§9§4§1§o: team action: null, player action: null
[23:54:16] [Render thread/WARN] (Minecraft) Received packet for unknown team npc-§f§d§l§8§9§4§1§o: team action: null, player action: null
[23:54:16] [Render thread/WARN] (Minecraft) Received packet for unknown team npc-§f§d§l§8§9§4§1§o: team action: null, player action: null
[23:54:16] [Render thread/WARN] (Minecraft) Requested creation of existing team 'hlazergo1'
[23:54:16] [Render thread/WARN] (Minecraft) Requested creation of existing team 'kmr_krowwww'
[23:54:16] [Render thread/WARN] (Minecraft) Requested creation of existing team 'hlazergo1'
[23:54:16] [Render thread/WARN] (Minecraft) Requested creation of existing team 'hlazergo1'
[23:54:16] [Render thread/WARN] (Minecraft) Requested creation of existing team 'kmr_krowwww'
[23:54:16] [Render thread/WARN] (Minecraft) Requested creation of existing team 'hlazergo1'
[23:54:16] [Render thread/WARN] (Minecraft) Requested creation of existing team 'hlazergo1'
[23:54:16] [Render thread/WARN] (Minecraft) Requested creation of existing team 'hlazergo1'
[23:54:16] [Render thread/WARN] (Minecraft) Requested creation of existing team 'kmr_krowwww'
[23:54:16] [Render thread/WARN] (Minecraft) Requested creation of existing team 'hlazergo1'
[23:54:17] [Render thread/WARN] (Minecraft) Requested creation of existing team 'hlazergo1'
[23:54:17] [Render thread/WARN] (Minecraft) Requested creation of existing team 'kmr_krowwww'
[23:54:17] [Render thread/INFO] (Minecraft) [STDOUT]: KillAura enabled. Target Mobs: true, Target Players: false
[23:54:17] [Render thread/WARN] (Minecraft) Requested creation of existing team 'hlazergo1'
[23:54:17] [Render thread/WARN] (Minecraft) Requested creation of existing team 'hlazergo1'
[23:54:17] [Render thread/WARN] (Minecraft) Requested creation of existing team 'kmr_krowwww'
[23:54:17] [Render thread/WARN] (Minecraft) Requested creation of existing team 'hlazergo1'
[23:54:17] [Render thread/WARN] (Minecraft) Requested creation of existing team 'hlazergo1'
[23:54:17] [Render thread/WARN] (Minecraft) Requested creation of existing team 'kmr_krowwww'
[23:54:17] [Render thread/WARN] (Minecraft) Requested creation of existing team 'hlazergo1'
[23:54:17] [Render thread/WARN] (Minecraft) Requested creation of existing team 'hlazergo1'
[23:54:17] [Render thread/WARN] (Minecraft) Requested creation of existing team 'hlazergo1'
[23:54:17] [Render thread/WARN] (Minecraft) Requested creation of existing team 'kmr_krowwww'
[23:54:17] [Render thread/WARN] (Minecraft) Requested creation of existing team 'hlazergo1'
[23:54:18] [Render thread/WARN] (Minecraft) Requested creation of existing team 'hlazergo1'
[23:54:18] [Render thread/WARN] (Minecraft) Requested creation of existing team 'kmr_krowwww'
[23:54:18] [Render thread/WARN] (Minecraft) Requested creation of existing team 'hlazergo1'
[23:54:18] [Render thread/WARN] (Minecraft) Requested creation of existing team 'hlazergo1'
[23:54:18] [Render thread/WARN] (Minecraft) Requested creation of existing team 'kmr_krowwww'
[23:54:18] [Render thread/WARN] (Minecraft) Requested creation of existing team 'hlazergo1'
[23:54:18] [Render thread/WARN] (Minecraft) Requested creation of existing team 'hlazergo1'
[23:54:18] [Render thread/WARN] (Minecraft) Requested creation of existing team 'kmr_krowwww'
[23:54:18] [Render thread/WARN] (Minecraft) Requested creation of existing team 'hlazergo1'
[23:54:18] [Render thread/WARN] (Minecraft) Requested creation of existing team 'hlazergo1'
[23:54:19] [Render thread/WARN] (Minecraft) Requested creation of existing team 'kmr_krowwww'
[23:54:19] [Render thread/WARN] (Minecraft) Requested creation of existing team 'hlazergo1'
[23:54:19] [Render thread/WARN] (Minecraft) Requested creation of existing team 'hlazergo1'
[23:54:19] [Render thread/WARN] (Minecraft) Requested creation of existing team 'kmr_krowwww'
[23:54:19] [Render thread/WARN] (Minecraft) Requested creation of existing team 'hlazergo1'
[23:54:19] [Render thread/WARN] (Minecraft) Requested creation of existing team 'hlazergo1'
[23:54:19] [Render thread/INFO] (Minecraft) [System] [CHAT] [!] К сожалению, Вы не можете PvP в этом месте.
[23:54:19] [Render thread/WARN] (Minecraft) Requested creation of existing team 'hlazergo1'
[23:54:19] [Render thread/WARN] (Minecraft) Requested creation of existing team 'kmr_krowwww'
[23:54:19] [Render thread/WARN] (Minecraft) Requested creation of existing team 'hlazergo1'
[23:54:19] [Render thread/WARN] (Minecraft) Requested creation of existing team 'hlazergo1'
[23:54:19] [Render thread/WARN] (Minecraft) Requested creation of existing team 'kmr_krowwww'
[23:54:19] [Render thread/WARN] (Minecraft) Requested creation of existing team 'hlazergo1'
[23:54:20] [Render thread/WARN] (Minecraft) Requested creation of existing team 'hlazergo1'
[23:54:20] [Render thread/INFO] (Minecraft) [System] [CHAT] [!] К сожалению, Вы не можете PvP в этом месте.
[23:54:20] [Render thread/WARN] (Minecraft) Requested creation of existing team 'kmr_krowwww'
[23:54:20] [Render thread/WARN] (Minecraft) Requested creation of existing team 'hlazergo1'
[23:54:20] [Render thread/WARN] (Minecraft) Requested creation of existing team 'hlazergo1'
[23:54:20] [Render thread/WARN] (Minecraft) Requested creation of existing team 'hlazergo1'
[23:54:20] [Render thread/WARN] (Minecraft) Requested creation of existing team 'kmr_krowwww'
[23:54:20] [Render thread/WARN] (Minecraft) Requested creation of existing team 'hlazergo1'
[23:54:20] [Render thread/WARN] (Minecraft) Requested creation of existing team 'hlazergo1'
[23:54:20] [Render thread/WARN] (Minecraft) Requested creation of existing team 'kmr_krowwww'
[23:54:20] [Render thread/WARN] (Minecraft) Requested creation of existing team 'hlazergo1'
[23:54:20] [Render thread/WARN] (Minecraft) Requested creation of existing team 'hlazergo1'
[23:54:21] [Render thread/WARN] (Minecraft) Requested creation of existing team 'kmr_krowwww'
[23:54:21] [Render thread/INFO] (Minecraft) [System] [CHAT] [ɢ] (Yоsen) [Игрок] SukaNaProdaxhu  ➦ qlmyto ты где?
[23:54:21] [Render thread/WARN] (Minecraft) Requested creation of existing team 'hlazergo1'
[23:54:21] [Render thread/WARN] (Minecraft) Requested creation of existing team 'hlazergo1'
[23:54:21] [Render thread/WARN] (Minecraft) Requested creation of existing team 'kmr_krowwww'
[23:54:21] [Render thread/WARN] (Minecraft) Requested creation of existing team 'hlazergo1'
[23:54:21] [Render thread/WARN] (Minecraft) Requested creation of existing team 'hlazergo1'
[23:54:21] [Render thread/WARN] (Minecraft) Requested creation of existing team 'kmr_krowwww'
[23:54:21] [Render thread/WARN] (Minecraft) Requested creation of existing team 'hlazergo1'
[23:54:21] [Render thread/WARN] (Minecraft) Requested creation of existing team 'hlazergo1'
[23:54:21] [Render thread/WARN] (Minecraft) Requested creation of existing team 'kmr_krowwww'
[23:54:21] [Render thread/WARN] (Minecraft) Requested creation of existing team 'hlazergo1'
[23:54:22] [Render thread/WARN] (Minecraft) Requested creation of existing team 'hlazergo1'
[23:54:22] [Render thread/WARN] (Minecraft) Received packet for unknown team npc-§f§d§l§8§9§4§1§o: team action: null, player action: null
[23:54:22] [Render thread/WARN] (Minecraft) Received packet for unknown team npc-§f§d§l§8§9§4§1§o: team action: null, player action: null
[23:54:22] [Render thread/WARN] (Minecraft) Received packet for unknown team npc-§f§d§l§8§9§4§1§o: team action: null, player action: null
[23:54:22] [Render thread/WARN] (Minecraft) Requested creation of existing team 'kmr_krowwww'
[23:54:22] [Render thread/WARN] (Minecraft) Requested creation of existing team 'hlazergo1'
[23:54:22] [Render thread/WARN] (Minecraft) Requested creation of existing team 'hlazergo1'
[23:54:22] [Render thread/WARN] (Minecraft) Requested creation of existing team 'hlazergo1'
[23:54:22] [Render thread/WARN] (Minecraft) Requested creation of existing team 'kmr_krowwww'
[23:54:22] [Render thread/WARN] (Minecraft) Requested creation of existing team 'hlazergo1'
[23:54:22] [Render thread/WARN] (Minecraft) Requested creation of existing team 'hlazergo1'
[23:54:22] [Render thread/WARN] (Minecraft) Requested creation of existing team 'kmr_krowwww'
[23:54:22] [Render thread/WARN] (Minecraft) Requested creation of existing team 'hlazergo1'
[23:54:22] [Render thread/WARN] (Minecraft) Requested creation of existing team 'hlazergo1'
[23:54:23] [Render thread/WARN] (Minecraft) Requested creation of existing team 'hlazergo1'
[23:54:23] [Render thread/WARN] (Minecraft) Received packet for unknown team npc-§o§n§5§8§1§o§3§k: team action: null, player action: null
[23:54:23] [Render thread/WARN] (Minecraft) Received packet for unknown team npc-§o§n§5§8§1§o§3§k: team action: null, player action: null
[23:54:23] [Render thread/WARN] (Minecraft) Received packet for unknown team npc-§o§n§5§8§1§o§3§k: team action: null, player action: null
[23:54:23] [Render thread/WARN] (Minecraft) Requested creation of existing team 'kmr_krowwww'
[23:54:23] [Render thread/WARN] (Minecraft) Requested creation of existing team 'hlazergo1'
[23:54:23] [Render thread/WARN] (Minecraft) Requested creation of existing team 'hlazergo1'
[23:54:23] [Render thread/WARN] (Minecraft) Requested creation of existing team 'kmr_krowwww'
[23:54:23] [Render thread/WARN] (Minecraft) Requested creation of existing team 'hlazergo1'
[23:54:23] [Render thread/WARN] (Minecraft) Requested creation of existing team 'hlazergo1'
[23:54:23] [Render thread/WARN] (Minecraft) Requested creation of existing team 'kmr_krowwww'
[23:54:23] [Render thread/WARN] (Minecraft) Requested creation of existing team 'hlazergo1'
[23:54:23] [Render thread/WARN] (Minecraft) Requested creation of existing team 'kmr_krowwww'
[23:54:23] [Render thread/WARN] (Minecraft) Requested creation of existing team 'hlazergo1'
[23:54:23] [Render thread/WARN] (Minecraft) Requested creation of existing team 'hlazergo1'
[23:54:24] [Render thread/WARN] (Minecraft) Received packet for unknown team npc-§f§8§r§6§2§e§a§5: team action: null, player action: null
[23:54:24] [Render thread/WARN] (Minecraft) Received packet for unknown team npc-§f§d§l§8§9§4§1§o: team action: null, player action: null
[23:54:24] [Render thread/WARN] (Minecraft) Received packet for unknown team npc-§f§8§r§6§2§e§a§5: team action: null, player action: null
[23:54:24] [Render thread/WARN] (Minecraft) Received packet for unknown team npc-§f§8§r§6§2§e§a§5: team action: null, player action: null
[23:54:24] [Render thread/WARN] (Minecraft) Received packet for unknown team npc-§f§d§l§8§9§4§1§o: team action: null, player action: null
[23:54:24] [Render thread/WARN] (Minecraft) Received packet for unknown team npc-§f§d§l§8§9§4§1§o: team action: null, player action: null
[23:54:24] [Render thread/WARN] (Minecraft) Requested creation of existing team 'kmr_krowwww'
[23:54:24] [Render thread/WARN] (Minecraft) Requested creation of existing team 'hlazergo1'
[23:54:24] [Render thread/WARN] (Minecraft) Requested creation of existing team 'hlazergo1'
[23:54:24] [Render thread/WARN] (Minecraft) Requested creation of existing team 'kmr_krowwww'
[23:54:24] [Render thread/WARN] (Minecraft) Requested creation of existing team 'hlazergo1'
[23:54:24] [Render thread/INFO] (Minecraft) Loaded 98 advancements
[23:54:24] [Render thread/WARN] (Minecraft) Requested creation of existing team 'hlazergo1'
[23:54:24] [Render thread/WARN] (Minecraft) Requested creation of existing team 'kmr_krowwww'
[23:54:24] [Render thread/WARN] (Minecraft) Requested creation of existing team 'hlazergo1'
[23:54:24] [Render thread/WARN] (Minecraft) Requested creation of existing team 'hlazergo1'
[23:54:24] [Render thread/WARN] (Minecraft) Requested creation of existing team 'kmr_krowwww'
[23:54:24] [Render thread/WARN] (Minecraft) Requested creation of existing team 'hlazergo1'
[23:54:25] [Render thread/WARN] (Minecraft) Requested creation of existing team 'hlazergo1'
[23:54:25] [Render thread/WARN] (Minecraft) Requested creation of existing team 'hlazergo1'
[23:54:25] [Render thread/WARN] (Minecraft) Requested creation of existing team 'kmr_krowwww'
[23:54:25] [Render thread/WARN] (Minecraft) Requested creation of existing team 'hlazergo1'
[23:54:25] [Render thread/WARN] (Minecraft) Requested creation of existing team 'hlazergo1'
[23:54:25] [Render thread/WARN] (Minecraft) Requested creation of existing team 'kmr_krowwww'
[23:54:25] [Render thread/WARN] (Minecraft) Requested creation of existing team 'hlazergo1'
[23:54:25] [Render thread/WARN] (Minecraft) Requested creation of existing team 'hlazergo1'
[23:54:25] [Render thread/WARN] (Minecraft) Requested creation of existing team 'kmr_krowwww'
[23:54:25] [Render thread/WARN] (Minecraft) Requested creation of existing team 'hlazergo1'
[23:54:25] [Render thread/WARN] (Minecraft) Requested creation of existing team 'hlazergo1'
[23:54:26] [Render thread/WARN] (Minecraft) Requested creation of existing team 'kmr_krowwww'
[23:54:26] [Render thread/WARN] (Minecraft) Requested creation of existing team 'hlazergo1'
[23:54:26] [Render thread/WARN] (Minecraft) Requested creation of existing team 'hlazergo1'
[23:54:26] [Render thread/WARN] (Minecraft) Requested creation of existing team 'kmr_krowwww'
[23:54:26] [Render thread/WARN] (Minecraft) Requested creation of existing team 'hlazergo1'
[23:54:26] [Render thread/WARN] (Minecraft) Requested creation of existing team 'hlazergo1'
[23:54:26] [Render thread/WARN] (Minecraft) Requested creation of existing team 'kmr_krowwww'
[23:54:26] [Render thread/WARN] (Minecraft) Requested creation of existing team 'hlazergo1'
[23:54:26] [Render thread/WARN] (Minecraft) Requested creation of existing team 'hlazergo1'
[23:54:26] [Render thread/WARN] (Minecraft) Requested creation of existing team 'hlazergo1'
[23:54:26] [Render thread/WARN] (Minecraft) Requested creation of existing team 'kmr_krowwww'
[23:54:27] [Render thread/WARN] (Minecraft) Requested creation of existing team 'hlazergo1'
[23:54:27] [Render thread/WARN] (Minecraft) Requested creation of existing team 'hlazergo1'
[23:54:27] [Render thread/WARN] (Minecraft) Requested creation of existing team 'kmr_krowwww'
[23:54:27] [Render thread/WARN] (Minecraft) Requested creation of existing team 'hlazergo1'
[23:54:27] [Render thread/WARN] (Minecraft) Requested creation of existing team 'hlazergo1'
[23:54:27] [Render thread/WARN] (Minecraft) Requested creation of existing team 'kmr_krowwww'
[23:54:27] [Render thread/WARN] (Minecraft) Requested creation of existing team 'hlazergo1'
[23:54:27] [Render thread/INFO] (Minecraft) Loaded 101 advancements
[23:54:27] [Render thread/WARN] (Minecraft) Requested creation of existing team 'hlazergo1'
[23:54:27] [Render thread/INFO] (Minecraft) Loaded 103 advancements
[23:54:27] [Render thread/WARN] (Minecraft) Requested creation of existing team 'kmr_krowwww'
[23:54:27] [Render thread/WARN] (Minecraft) Requested creation of existing team 'hlazergo1'
[23:54:27] [Render thread/WARN] (Minecraft) Requested creation of existing team 'hlazergo1'
[23:54:27] [Render thread/WARN] (Minecraft) Requested creation of existing team 'kmr_krowwww'
[23:54:27] [Render thread/WARN] (Minecraft) Requested creation of existing team 'hlazergo1'
[23:54:28] [Render thread/WARN] (Minecraft) Requested creation of existing team 'hlazergo1'
[23:54:28] [Render thread/WARN] (Minecraft) Requested creation of existing team 'kmr_krowwww'
[23:54:28] [Render thread/WARN] (Minecraft) Requested creation of existing team 'hlazergo1'
[23:54:28] [Render thread/WARN] (Minecraft) Requested creation of existing team 'hlazergo1'
[23:54:28] [Render thread/WARN] (Minecraft) Requested creation of existing team 'hlazergo1'
[23:54:28] [Render thread/WARN] (Minecraft) Requested creation of existing team 'kmr_krowwww'
[23:54:28] [Render thread/INFO] (Minecraft) Loaded 104 advancements
[23:54:28] [Render thread/WARN] (Minecraft) Requested creation of existing team 'hlazergo1'
[23:54:28] [Render thread/WARN] (Minecraft) Requested creation of existing team 'hlazergo1'
[23:54:28] [Render thread/WARN] (Minecraft) Requested creation of existing team 'kmr_krowwww'
[23:54:28] [Render thread/WARN] (Minecraft) Requested creation of existing team 'hlazergo1'
[23:54:29] [Render thread/WARN] (Minecraft) Requested creation of existing team 'hlazergo1'
[23:54:29] [Render thread/WARN] (Minecraft) Requested creation of existing team 'kmr_krowwww'
[23:54:29] [Render thread/WARN] (Minecraft) Requested creation of existing team 'hlazergo1'
[23:54:29] [Render thread/WARN] (Minecraft) Requested creation of existing team 'hlazergo1'
[23:54:29] [Render thread/WARN] (Minecraft) Requested creation of existing team 'hlazergo1'
[23:54:29] [Render thread/WARN] (Minecraft) Requested creation of existing team 'kmr_krowwww'
[23:54:29] [Render thread/WARN] (Minecraft) Requested creation of existing team 'hlazergo1'
[23:54:29] [Render thread/WARN] (Minecraft) Requested creation of existing team 'hlazergo1'
[23:54:29] [Render thread/WARN] (Minecraft) Requested creation of existing team 'kmr_krowwww'
[23:54:29] [Render thread/WARN] (Minecraft) Requested creation of existing team 'hlazergo1'
[23:54:29] [Render thread/WARN] (Minecraft) Requested creation of existing team 'hlazergo1'
[23:54:30] [Render thread/WARN] (Minecraft) Requested creation of existing team 'kmr_krowwww'
[23:54:30] [Render thread/WARN] (Minecraft) Requested creation of existing team 'hlazergo1'
[23:54:30] [Render thread/WARN] (Minecraft) Requested creation of existing team 'hlazergo1'
[23:54:30] [Render thread/INFO] (Minecraft) Loaded 106 advancements
[23:54:30] [Render thread/WARN] (Minecraft) Requested creation of existing team 'kmr_krowwww'
[23:54:30] [Render thread/WARN] (Minecraft) Requested creation of existing team 'hlazergo1'
[23:54:30] [Render thread/WARN] (Minecraft) Requested creation of existing team 'hlazergo1'
[23:54:30] [Render thread/WARN] (Minecraft) Requested creation of existing team 'kmr_krowwww'
[23:54:30] [Render thread/WARN] (Minecraft) Requested creation of existing team 'hlazergo1'
[23:54:30] [Render thread/WARN] (Minecraft) Requested creation of existing team 'hlazergo1'
[23:54:30] [Render thread/WARN] (Minecraft) Requested creation of existing team 'kmr_krowwww'
[23:54:30] [Render thread/WARN] (Minecraft) Requested creation of existing team 'hlazergo1'
[23:54:30] [Render thread/INFO] (Minecraft) Loaded 107 advancements
[23:54:30] [Render thread/WARN] (Minecraft) Requested creation of existing team 'hlazergo1'
[23:54:31] [Render thread/WARN] (Minecraft) Requested creation of existing team 'kmr_krowwww'
[23:54:31] [Render thread/WARN] (Minecraft) Requested creation of existing team 'hlazergo1'
[23:54:31] [Render thread/WARN] (Minecraft) Requested creation of existing team 'hlazergo1'
[23:54:31] [Render thread/WARN] (Minecraft) Requested creation of existing team 'kmr_krowwww'
[23:54:31] [Render thread/WARN] (Minecraft) Requested creation of existing team 'hlazergo1'
[23:54:31] [Render thread/WARN] (Minecraft) Requested creation of existing team 'hlazergo1'
[23:54:31] [Render thread/WARN] (Minecraft) Requested creation of existing team 'kmr_krowwww'
[23:54:31] [Render thread/WARN] (Minecraft) Requested creation of existing team 'hlazergo1'
[23:54:31] [Render thread/WARN] (Minecraft) Requested creation of existing team 'hlazergo1'
[23:54:31] [Render thread/WARN] (Minecraft) Requested creation of existing team 'hlazergo1'
[23:54:31] [Render thread/WARN] (Minecraft) Requested creation of existing team 'kmr_krowwww'
[23:54:31] [Render thread/WARN] (Minecraft) Requested creation of existing team 'hlazergo1'
[23:54:32] [Render thread/WARN] (Minecraft) Requested creation of existing team 'hlazergo1'
[23:54:32] [Render thread/WARN] (Minecraft) Requested creation of existing team 'kmr_krowwww'
[23:54:32] [Render thread/WARN] (Minecraft) Requested creation of existing team 'hlazergo1'
[23:54:32] [Render thread/WARN] (Minecraft) Requested creation of existing team 'hlazergo1'
[23:54:32] [Render thread/WARN] (Minecraft) Requested creation of existing team 'kmr_krowwww'
[23:54:32] [Render thread/WARN] (Minecraft) Requested creation of existing team 'hlazergo1'
[23:54:32] [Render thread/WARN] (Minecraft) Requested creation of existing team 'hlazergo1'
[23:54:32] [Render thread/WARN] (Minecraft) Requested creation of existing team 'hlazergo1'
[23:54:32] [Render thread/WARN] (Minecraft) Requested creation of existing team 'kmr_krowwww'
[23:54:32] [Render thread/WARN] (Minecraft) Requested creation of existing team 'hlazergo1'
[23:54:32] [Render thread/INFO] (Minecraft) Loaded 110 advancements
[23:54:32] [Render thread/WARN] (Minecraft) Requested creation of existing team 'hlazergo1'
[23:54:33] [Render thread/WARN] (Minecraft) Requested creation of existing team 'kmr_krowwww'
[23:54:33] [Render thread/WARN] (Minecraft) Received packet for unknown team npc-§4§9§9§4§r§m§0§d: team action: null, player action: null
[23:54:33] [Render thread/WARN] (Minecraft) Received packet for unknown team npc-§f§d§l§8§9§4§1§o: team action: null, player action: null
[23:54:33] [Render thread/WARN] (Minecraft) Received packet for unknown team npc-§o§n§5§8§1§o§3§k: team action: null, player action: null
[23:54:33] [Render thread/WARN] (Minecraft) Received packet for unknown team npc-§4§9§9§4§r§m§0§d: team action: null, player action: null
[23:54:33] [Render thread/WARN] (Minecraft) Received packet for unknown team npc-§4§9§9§4§r§m§0§d: team action: null, player action: null
[23:54:33] [Render thread/WARN] (Minecraft) Received packet for unknown team npc-§o§n§5§8§1§o§3§k: team action: null, player action: null
[23:54:33] [Render thread/WARN] (Minecraft) Received packet for unknown team npc-§o§n§5§8§1§o§3§k: team action: null, player action: null
[23:54:33] [Render thread/WARN] (Minecraft) Received packet for unknown team npc-§f§d§l§8§9§4§1§o: team action: null, player action: null
[23:54:33] [Render thread/WARN] (Minecraft) Received packet for unknown team npc-§f§d§l§8§9§4§1§o: team action: null, player action: null
[23:54:33] [Render thread/WARN] (Minecraft) Requested creation of existing team 'hlazergo1'
[23:54:33] [Render thread/WARN] (Minecraft) Requested creation of existing team 'hlazergo1'
[23:54:33] [Render thread/WARN] (Minecraft) Requested creation of existing team 'kmr_krowwww'
[23:54:33] [Render thread/WARN] (Minecraft) Requested creation of existing team 'hlazergo1'
[23:54:33] [Render thread/WARN] (Minecraft) Requested creation of existing team 'hlazergo1'
[23:54:33] [Render thread/WARN] (Minecraft) Requested creation of existing team 'kmr_krowwww'
[23:54:33] [Render thread/WARN] (Minecraft) Requested creation of existing team 'hlazergo1'
[23:54:33] [Render thread/WARN] (Minecraft) Requested creation of existing team 'hlazergo1'
[23:54:33] [Render thread/INFO] (Minecraft) Loaded 124 advancements
[23:54:33] [Render thread/WARN] (Minecraft) Requested creation of existing team 'hlazergo1'
[23:54:33] [Render thread/WARN] (Minecraft) Requested creation of existing team 'kmr_krowwww'
[23:54:33] [Render thread/WARN] (Minecraft) Requested creation of existing team 'hlazergo1'
[23:54:34] [Render thread/WARN] (Minecraft) Received packet for unknown team npc-§f§8§r§6§2§e§a§5: team action: null, player action: null
[23:54:34] [Render thread/WARN] (Minecraft) Received packet for unknown team npc-§f§8§r§6§2§e§a§5: team action: null, player action: null
[23:54:34] [Render thread/WARN] (Minecraft) Received packet for unknown team npc-§f§8§r§6§2§e§a§5: team action: null, player action: null
[23:54:34] [Render thread/WARN] (Minecraft) Requested creation of existing team 'hlazergo1'
[23:54:34] [Render thread/WARN] (Minecraft) Requested creation of existing team 'kmr_krowwww'
[23:54:34] [Render thread/WARN] (Minecraft) Requested creation of existing team 'hlazergo1'
[23:54:34] [Render thread/INFO] (Minecraft) Loaded 126 advancements
[23:54:34] [Render thread/WARN] (Minecraft) Requested creation of existing team 'hlazergo1'
[23:54:34] [Render thread/WARN] (Minecraft) Requested creation of existing team 'kmr_krowwww'
[23:54:34] [Render thread/WARN] (Minecraft) Requested creation of existing team 'hlazergo1'
[23:54:34] [Render thread/WARN] (Minecraft) Requested creation of existing team 'hlazergo1'
[23:54:34] [Render thread/WARN] (Minecraft) Requested creation of existing team 'kmr_krowwww'
[23:54:34] [Render thread/WARN] (Minecraft) Requested creation of existing team 'hlazergo1'
[23:54:34] [Render thread/WARN] (Minecraft) Requested creation of existing team 'hlazergo1'
[23:54:34] [Render thread/WARN] (Minecraft) Requested creation of existing team 'kmr_krowwww'
[23:54:35] [Render thread/WARN] (Minecraft) Requested creation of existing team 'hlazergo1'
[23:54:35] [Render thread/WARN] (Minecraft) Received packet for unknown team npc-§4§9§9§4§r§m§0§d: team action: null, player action: null
[23:54:35] [Render thread/WARN] (Minecraft) Received packet for unknown team npc-§4§9§9§4§r§m§0§d: team action: null, player action: null
[23:54:35] [Render thread/WARN] (Minecraft) Received packet for unknown team npc-§4§9§9§4§r§m§0§d: team action: null, player action: null
[23:54:35] [Render thread/WARN] (Minecraft) Requested creation of existing team 'hlazergo1'
[23:54:35] [Render thread/WARN] (Minecraft) Requested creation of existing team 'hlazergo1'
[23:54:35] [Render thread/WARN] (Minecraft) Requested creation of existing team 'kmr_krowwww'
[23:54:35] [Render thread/WARN] (Minecraft) Requested creation of existing team 'hlazergo1'
[23:54:35] [Render thread/WARN] (Minecraft) Requested creation of existing team 'kmr_krowwww'
[23:54:35] [Render thread/WARN] (Minecraft) Requested creation of existing team 'hlazergo1'
[23:54:35] [Render thread/WARN] (Minecraft) Requested creation of existing team 'hlazergo1'
[23:54:35] [Render thread/WARN] (Minecraft) Requested creation of existing team 'kmr_krowwww'
[23:54:35] [Render thread/WARN] (Minecraft) Requested creation of existing team 'hlazergo1'
[23:54:35] [Render thread/WARN] (Minecraft) Requested creation of existing team 'hlazergo1'
[23:54:36] [Render thread/WARN] (Minecraft) Requested creation of existing team 'kmr_krowwww'
[23:54:36] [Render thread/WARN] (Minecraft) Requested creation of existing team 'hlazergo1'
[23:54:36] [Render thread/WARN] (Minecraft) Requested creation of existing team 'hlazergo1'
[23:54:36] [Render thread/WARN] (Minecraft) Requested creation of existing team 'kmr_krowwww'
[23:54:36] [Render thread/WARN] (Minecraft) Requested creation of existing team 'hlazergo1'
[23:54:36] [Render thread/WARN] (Minecraft) Requested creation of existing team 'hlazergo1'
[23:54:36] [Render thread/WARN] (Minecraft) Requested creation of existing team 'kmr_krowwww'
[23:54:36] [Render thread/WARN] (Minecraft) Requested creation of existing team 'hlazergo1'
[23:54:36] [Render thread/WARN] (Minecraft) Requested creation of existing team 'hlazergo1'
[23:54:36] [Render thread/WARN] (Minecraft) Requested creation of existing team 'kmr_krowwww'
[23:54:36] [Render thread/WARN] (Minecraft) Requested creation of existing team 'hlazergo1'
[23:54:37] [Render thread/WARN] (Minecraft) Requested creation of existing team 'hlazergo1'
[23:54:37] [Render thread/WARN] (Minecraft) Requested creation of existing team 'kmr_krowwww'
[23:54:37] [Render thread/WARN] (Minecraft) Requested creation of existing team 'hlazergo1'
[23:54:37] [Render thread/WARN] (Minecraft) Requested creation of existing team 'hlazergo1'
[23:54:37] [Render thread/WARN] (Minecraft) Requested creation of existing team 'kmr_krowwww'
[23:54:37] [Render thread/WARN] (Minecraft) Requested creation of existing team 'hlazergo1'
[23:54:37] [Render thread/WARN] (Minecraft) Requested creation of existing team 'hlazergo1'
[23:54:37] [Render thread/WARN] (Minecraft) Requested creation of existing team 'kmr_krowwww'
[23:54:37] [Render thread/WARN] (Minecraft) Requested creation of existing team 'hlazergo1'
[23:54:37] [Render thread/WARN] (Minecraft) Requested creation of existing team 'hlazergo1'
[23:54:38] [Render thread/WARN] (Minecraft) Requested creation of existing team 'kmr_krowwww'
[23:54:38] [Render thread/WARN] (Minecraft) Requested creation of existing team 'hlazergo1'
[23:54:38] [Render thread/WARN] (Minecraft) Requested creation of existing team 'hlazergo1'
[23:54:38] [Render thread/WARN] (Minecraft) Requested creation of existing team 'hlazergo1'
[23:54:38] [Render thread/WARN] (Minecraft) Requested creation of existing team 'kmr_krowwww'
[23:54:38] [Render thread/WARN] (Minecraft) Requested creation of existing team 'hlazergo1'
[23:54:38] [Render thread/WARN] (Minecraft) Requested creation of existing team 'kmr_krowwww'
[23:54:38] [Render thread/WARN] (Minecraft) Requested creation of existing team 'hlazergo1'
[23:54:38] [Render thread/WARN] (Minecraft) Requested creation of existing team 'hlazergo1'
[23:54:38] [Render thread/WARN] (Minecraft) Requested creation of existing team 'kmr_krowwww'
[23:54:38] [Render thread/WARN] (Minecraft) Requested creation of existing team 'hlazergo1'
[23:54:39] [Render thread/WARN] (Minecraft) Requested creation of existing team 'hlazergo1'
[23:54:39] [Render thread/WARN] (Minecraft) Requested creation of existing team 'hlazergo1'
[23:54:39] [Render thread/WARN] (Minecraft) Requested creation of existing team 'kmr_krowwww'
[23:54:39] [Render thread/WARN] (Minecraft) Requested creation of existing team 'hlazergo1'
[23:54:39] [Render thread/WARN] (Minecraft) Requested creation of existing team 'hlazergo1'
[23:54:39] [Render thread/WARN] (Minecraft) Requested creation of existing team 'kmr_krowwww'
[23:54:39] [Render thread/WARN] (Minecraft) Requested creation of existing team 'hlazergo1'
[23:54:39] [Render thread/WARN] (Minecraft) Requested creation of existing team 'hlazergo1'
[23:54:39] [Render thread/WARN] (Minecraft) Requested creation of existing team 'kmr_krowwww'
[23:54:39] [Render thread/WARN] (Minecraft) Requested creation of existing team 'hlazergo1'
[23:54:39] [Render thread/WARN] (Minecraft) Requested creation of existing team 'hlazergo1'
[23:54:40] [Render thread/WARN] (Minecraft) Requested creation of existing team 'kmr_krowwww'
[23:54:40] [Render thread/WARN] (Minecraft) Requested creation of existing team 'hlazergo1'
[23:54:40] [Render thread/WARN] (Minecraft) Received packet for unknown team npc-§4§9§9§4§r§m§0§d: team action: null, player action: null
[23:54:40] [Render thread/WARN] (Minecraft) Received packet for unknown team npc-§4§9§9§4§r§m§0§d: team action: null, player action: null
[23:54:40] [Render thread/WARN] (Minecraft) Received packet for unknown team npc-§4§9§9§4§r§m§0§d: team action: null, player action: null
[23:54:40] [Render thread/WARN] (Minecraft) Requested creation of existing team 'hlazergo1'
[23:54:40] [Render thread/WARN] (Minecraft) Requested creation of existing team 'kmr_krowwww'
[23:54:40] [Render thread/WARN] (Minecraft) Requested creation of existing team 'hlazergo1'
[23:54:40] [Render thread/WARN] (Minecraft) Requested creation of existing team 'hlazergo1'
[23:54:40] [Render thread/WARN] (Minecraft) Requested creation of existing team 'hlazergo1'
[23:54:40] [Render thread/WARN] (Minecraft) Requested creation of existing team 'kmr_krowwww'
[23:54:40] [Render thread/WARN] (Minecraft) Requested creation of existing team 'hlazergo1'
[23:54:40] [Render thread/WARN] (Minecraft) Requested creation of existing team 'hlazergo1'
[23:54:40] [Render thread/WARN] (Minecraft) Requested creation of existing team 'kmr_krowwww'
[23:54:40] [Render thread/WARN] (Minecraft) Requested creation of existing team 'hlazergo1'
[23:54:41] [Render thread/WARN] (Minecraft) Requested creation of existing team 'hlazergo1'
[23:54:41] [Render thread/WARN] (Minecraft) Requested creation of existing team 'kmr_krowwww'
[23:54:41] [Render thread/WARN] (Minecraft) Requested creation of existing team 'hlazergo1'
[23:54:41] [Render thread/WARN] (Minecraft) Requested creation of existing team 'hlazergo1'
[23:54:41] [Render thread/WARN] (Minecraft) Requested creation of existing team 'hlazergo1'
[23:54:41] [Render thread/WARN] (Minecraft) Requested creation of existing team 'kmr_krowwww'
[23:54:41] [Render thread/WARN] (Minecraft) Requested creation of existing team 'hlazergo1'
[23:54:41] [Render thread/WARN] (Minecraft) Requested creation of existing team 'hlazergo1'
[23:54:41] [Render thread/WARN] (Minecraft) Requested creation of existing team 'kmr_krowwww'
[23:54:41] [Render thread/WARN] (Minecraft) Requested creation of existing team 'hlazergo1'
[23:54:41] [Render thread/WARN] (Minecraft) Requested creation of existing team 'hlazergo1'
[23:54:41] [Render thread/WARN] (Minecraft) Requested creation of existing team 'kmr_krowwww'
[23:54:42] [Render thread/WARN] (Minecraft) Requested creation of existing team 'hlazergo1'
[23:54:42] [Render thread/WARN] (Minecraft) Requested creation of existing team 'hlazergo1'
[23:54:42] [Render thread/WARN] (Minecraft) Requested creation of existing team 'kmr_krowwww'
[23:54:42] [Render thread/WARN] (Minecraft) Requested creation of existing team 'hlazergo1'
[23:54:42] [Render thread/WARN] (Minecraft) Requested creation of existing team 'hlazergo1'
[23:54:42] [Render thread/WARN] (Minecraft) Requested creation of existing team 'kmr_krowwww'
[23:54:42] [Render thread/WARN] (Minecraft) Requested creation of existing team 'hlazergo1'
[23:54:42] [Render thread/WARN] (Minecraft) Requested creation of existing team 'kmr_krowwww'
[23:54:42] [Render thread/WARN] (Minecraft) Requested creation of existing team 'hlazergo1'
[23:54:42] [Render thread/WARN] (Minecraft) Requested creation of existing team 'hlazergo1'
[23:54:43] [Render thread/WARN] (Minecraft) Requested creation of existing team 'kmr_krowwww'
[23:54:43] [Render thread/WARN] (Minecraft) Requested creation of existing team 'hlazergo1'
[23:54:43] [Render thread/WARN] (Minecraft) Requested creation of existing team 'hlazergo1'
[23:54:43] [Render thread/WARN] (Minecraft) Requested creation of existing team 'hlazergo1'
[23:54:43] [Render thread/WARN] (Minecraft) Requested creation of existing team 'kmr_krowwww'
[23:54:43] [Render thread/WARN] (Minecraft) Requested creation of existing team 'hlazergo1'
[23:54:43] [Render thread/WARN] (Minecraft) Requested creation of existing team 'kmr_krowwww'
[23:54:43] [Render thread/WARN] (Minecraft) Requested creation of existing team 'hlazergo1'
[23:54:43] [Render thread/WARN] (Minecraft) Requested creation of existing team 'hlazergo1'
[23:54:43] [Render thread/WARN] (Minecraft) Requested creation of existing team 'hlazergo1'
[23:54:43] [Render thread/WARN] (Minecraft) Requested creation of existing team 'kmr_krowwww'
[23:54:43] [Render thread/WARN] (Minecraft) Requested creation of existing team 'hlazergo1'
[23:54:44] [Render thread/WARN] (Minecraft) Requested creation of existing team 'hlazergo1'
[23:54:44] [Render thread/WARN] (Minecraft) Requested creation of existing team 'kmr_krowwww'
[23:54:44] [Render thread/WARN] (Minecraft) Requested creation of existing team 'hlazergo1'
[23:54:44] [Render thread/WARN] (Minecraft) Requested creation of existing team 'hlazergo1'
[23:54:44] [Render thread/WARN] (Minecraft) Requested creation of existing team 'kmr_krowwww'
[23:54:44] [Render thread/WARN] (Minecraft) Requested creation of existing team 'hlazergo1'
[23:54:44] [Render thread/WARN] (Minecraft) Requested creation of existing team 'hlazergo1'
[23:54:44] [Render thread/WARN] (Minecraft) Requested creation of existing team 'kmr_krowwww'
[23:54:44] [Render thread/WARN] (Minecraft) Requested creation of existing team 'hlazergo1'
[23:54:44] [Render thread/WARN] (Minecraft) Requested creation of existing team 'kmr_krowwww'
[23:54:44] [Render thread/WARN] (Minecraft) Requested creation of existing team 'hlazergo1'
[23:54:45] [Render thread/WARN] (Minecraft) Requested creation of existing team 'hlazergo1'
[23:54:45] [Render thread/WARN] (Minecraft) Requested creation of existing team 'kmr_krowwww'
[23:54:45] [Render thread/WARN] (Minecraft) Requested creation of existing team 'hlazergo1'
[23:54:45] [Render thread/WARN] (Minecraft) Requested creation of existing team 'hlazergo1'
[23:54:45] [Render thread/WARN] (Minecraft) Requested creation of existing team 'kmr_krowwww'
[23:54:45] [Render thread/WARN] (Minecraft) Requested creation of existing team 'hlazergo1'
[23:54:45] [Render thread/WARN] (Minecraft) Requested creation of existing team 'hlazergo1'
[23:54:45] [Render thread/WARN] (Minecraft) Requested creation of existing team 'kmr_krowwww'
[23:54:45] [Render thread/WARN] (Minecraft) Requested creation of existing team 'hlazergo1'
[23:54:45] [Render thread/WARN] (Minecraft) Requested creation of existing team 'hlazergo1'
[23:54:46] [Render thread/WARN] (Minecraft) Requested creation of existing team 'kmr_krowwww'
[23:54:46] [Render thread/WARN] (Minecraft) Requested creation of existing team 'hlazergo1'
[23:54:46] [Render thread/WARN] (Minecraft) Requested creation of existing team 'hlazergo1'
[23:54:46] [Render thread/WARN] (Minecraft) Requested creation of existing team 'hlazergo1'
[23:54:46] [Render thread/WARN] (Minecraft) Requested creation of existing team 'kmr_krowwww'
[23:54:46] [Render thread/WARN] (Minecraft) Requested creation of existing team 'hlazergo1'
[23:54:46] [Render thread/WARN] (Minecraft) Requested creation of existing team 'hlazergo1'
[23:54:46] [Render thread/WARN] (Minecraft) Requested creation of existing team 'kmr_krowwww'
[23:54:46] [Render thread/WARN] (Minecraft) Requested creation of existing team 'hlazergo1'
[23:54:46] [Render thread/WARN] (Minecraft) Requested creation of existing team 'hlazergo1'
[23:54:46] [Render thread/WARN] (Minecraft) Requested creation of existing team 'hlazergo1'
[23:54:46] [Render thread/WARN] (Minecraft) Requested creation of existing team 'kmr_krowwww'
[23:54:47] [Render thread/WARN] (Minecraft) Requested creation of existing team 'hlazergo1'
[23:54:47] [Render thread/WARN] (Minecraft) Requested creation of existing team 'hlazergo1'
[23:54:47] [Render thread/WARN] (Minecraft) Requested creation of existing team 'kmr_krowwww'
[23:54:47] [Render thread/WARN] (Minecraft) Requested creation of existing team 'hlazergo1'
[23:54:47] [Render thread/WARN] (Minecraft) Requested creation of existing team 'hlazergo1'
[23:54:47] [Render thread/WARN] (Minecraft) Requested creation of existing team 'kmr_krowwww'
[23:54:47] [Render thread/WARN] (Minecraft) Requested creation of existing team 'hlazergo1'
[23:54:47] [Render thread/WARN] (Minecraft) Requested creation of existing team 'hlazergo1'
[23:54:47] [Render thread/WARN] (Minecraft) Requested creation of existing team 'kmr_krowwww'
[23:54:47] [Render thread/WARN] (Minecraft) Requested creation of existing team 'hlazergo1'
[23:54:47] [Render thread/WARN] (Minecraft) Requested creation of existing team 'hlazergo1'
[23:54:48] [Render thread/WARN] (Minecraft) Requested creation of existing team 'kmr_krowwww'
[23:54:48] [Render thread/WARN] (Minecraft) Requested creation of existing team 'hlazergo1'
[23:54:48] [Render thread/WARN] (Minecraft) Requested creation of existing team 'hlazergo1'
[23:54:48] [Render thread/WARN] (Minecraft) Requested creation of existing team 'hlazergo1'
[23:54:48] [Render thread/WARN] (Minecraft) Requested creation of existing team 'kmr_krowwww'
[23:54:48] [Render thread/WARN] (Minecraft) Requested creation of existing team 'hlazergo1'
[23:54:48] [Render thread/WARN] (Minecraft) Requested creation of existing team 'kmr_krowwww'
[23:54:48] [Render thread/WARN] (Minecraft) Requested creation of existing team 'hlazergo1'
[23:54:48] [Render thread/WARN] (Minecraft) Requested creation of existing team 'hlazergo1'
[23:54:48] [Render thread/WARN] (Minecraft) Requested creation of existing team 'hlazergo1'
[23:54:48] [Render thread/WARN] (Minecraft) Requested creation of existing team 'kmr_krowwww'
[23:54:48] [Render thread/WARN] (Minecraft) Requested creation of existing team 'hlazergo1'
[23:54:48] [Render thread/INFO] (Minecraft) [System] [CHAT] [+] Декоративные головы - /hdb
[23:54:49] [Render thread/WARN] (Minecraft) Requested creation of existing team 'hlazergo1'
[23:54:49] [Render thread/WARN] (Minecraft) Requested creation of existing team 'kmr_krowwww'
[23:54:49] [Render thread/WARN] (Minecraft) Requested creation of existing team 'hlazergo1'
[23:54:49] [Render thread/WARN] (Minecraft) Requested creation of existing team 'hlazergo1'
[23:54:49] [Render thread/WARN] (Minecraft) Requested creation of existing team 'kmr_krowwww'
[23:54:49] [Render thread/WARN] (Minecraft) Requested creation of existing team 'hlazergo1'
[23:54:49] [Render thread/WARN] (Minecraft) Requested creation of existing team 'hlazergo1'
[23:54:49] [Render thread/WARN] (Minecraft) Requested creation of existing team 'kmr_krowwww'
[23:54:49] [Render thread/WARN] (Minecraft) Requested creation of existing team 'hlazergo1'
[23:54:49] [Render thread/WARN] (Minecraft) Requested creation of existing team 'hlazergo1'
[23:54:49] [Render thread/WARN] (Minecraft) Requested creation of existing team 'kmr_krowwww'
[23:54:49] [Render thread/WARN] (Minecraft) Requested creation of existing team 'hlazergo1'
[23:54:50] [Render thread/WARN] (Minecraft) Requested creation of existing team 'hlazergo1'
[23:54:50] [Render thread/WARN] (Minecraft) Requested creation of existing team 'hlazergo1'
[23:54:50] [Render thread/WARN] (Minecraft) Requested creation of existing team 'kmr_krowwww'
[23:54:50] [Render thread/WARN] (Minecraft) Requested creation of existing team 'hlazergo1'
[23:54:50] [Render thread/WARN] (Minecraft) Requested creation of existing team 'hlazergo1'
[23:54:50] [Render thread/WARN] (Minecraft) Requested creation of existing team 'kmr_krowwww'
[23:54:50] [Render thread/WARN] (Minecraft) Requested creation of existing team 'hlazergo1'
[23:54:50] [Render thread/WARN] (Minecraft) Requested creation of existing team 'hlazergo1'
[23:54:50] [Render thread/WARN] (Minecraft) Requested creation of existing team 'kmr_krowwww'
[23:54:50] [Render thread/WARN] (Minecraft) Requested creation of existing team 'hlazergo1'
[23:54:50] [Render thread/WARN] (Minecraft) Requested creation of existing team 'hlazergo1'
[23:54:51] [Render thread/WARN] (Minecraft) Requested creation of existing team 'kmr_krowwww'
[23:54:51] [Render thread/WARN] (Minecraft) Requested creation of existing team 'hlazergo1'
[23:54:51] [Render thread/WARN] (Minecraft) Requested creation of existing team 'hlazergo1'
[23:54:51] [Render thread/WARN] (Minecraft) Requested creation of existing team 'hlazergo1'
[23:54:51] [Render thread/WARN] (Minecraft) Requested creation of existing team 'kmr_krowwww'
[23:54:51] [Render thread/WARN] (Minecraft) Requested creation of existing team 'hlazergo1'
[23:54:51] [Render thread/WARN] (Minecraft) Requested creation of existing team 'hlazergo1'
[23:54:51] [Render thread/WARN] (Minecraft) Requested creation of existing team 'kmr_krowwww'
[23:54:51] [Render thread/WARN] (Minecraft) Requested creation of existing team 'hlazergo1'
[23:54:51] [Render thread/WARN] (Minecraft) Requested creation of existing team 'hlazergo1'
[23:54:51] [Render thread/WARN] (Minecraft) Requested creation of existing team 'kmr_krowwww'
[23:54:51] [Render thread/WARN] (Minecraft) Requested creation of existing team 'hlazergo1'
[23:54:51] [Render thread/WARN] (Minecraft) Requested creation of existing team 'hlazergo1'
[23:54:52] [Render thread/WARN] (Minecraft) Received packet for unknown team npc-§f§d§l§8§9§4§1§o: team action: null, player action: null
[23:54:52] [Render thread/WARN] (Minecraft) Received packet for unknown team npc-§o§n§5§8§1§o§3§k: team action: null, player action: null
[23:54:52] [Render thread/WARN] (Minecraft) Received packet for unknown team npc-§f§d§l§8§9§4§1§o: team action: null, player action: null
[23:54:52] [Render thread/WARN] (Minecraft) Received packet for unknown team npc-§f§d§l§8§9§4§1§o: team action: null, player action: null
[23:54:52] [Render thread/WARN] (Minecraft) Received packet for unknown team npc-§o§n§5§8§1§o§3§k: team action: null, player action: null
[23:54:52] [Render thread/WARN] (Minecraft) Received packet for unknown team npc-§o§n§5§8§1§o§3§k: team action: null, player action: null
[23:54:52] [Render thread/WARN] (Minecraft) Requested creation of existing team 'kmr_krowwww'
[23:54:52] [Render thread/WARN] (Minecraft) Requested creation of existing team 'hlazergo1'
[23:54:52] [Render thread/WARN] (Minecraft) Requested creation of existing team 'hlazergo1'
[23:54:52] [Render thread/WARN] (Minecraft) Requested creation of existing team 'hlazergo1'
[23:54:52] [Render thread/WARN] (Minecraft) Requested creation of existing team 'kmr_krowwww'
[23:54:52] [Render thread/WARN] (Minecraft) Requested creation of existing team 'hlazergo1'
[23:54:52] [Render thread/WARN] (Minecraft) Requested creation of existing team 'hlazergo1'
[23:54:52] [Render thread/WARN] (Minecraft) Requested creation of existing team 'kmr_krowwww'
[23:54:52] [Render thread/WARN] (Minecraft) Requested creation of existing team 'hlazergo1'
[23:54:52] [Render thread/WARN] (Minecraft) Requested creation of existing team 'hlazergo1'
[23:54:52] [Render thread/WARN] (Minecraft) Requested creation of existing team 'kmr_krowwww'
[23:54:52] [Render thread/WARN] (Minecraft) Requested creation of existing team 'hlazergo1'
[23:54:53] [Render thread/WARN] (Minecraft) Requested creation of existing team 'hlazergo1'
[23:54:53] [Render thread/WARN] (Minecraft) Requested creation of existing team 'kmr_krowwww'
[23:54:53] [Render thread/WARN] (Minecraft) Requested creation of existing team 'hlazergo1'
[23:54:53] [Render thread/WARN] (Minecraft) Requested creation of existing team 'hlazergo1'
[23:54:53] [Render thread/WARN] (Minecraft) Requested creation of existing team 'hlazergo1'
[23:54:53] [Render thread/WARN] (Minecraft) Requested creation of existing team 'kmr_krowwww'
[23:54:53] [Render thread/WARN] (Minecraft) Requested creation of existing team 'hlazergo1'
[23:54:53] [Render thread/WARN] (Minecraft) Requested creation of existing team 'hlazergo1'
[23:54:53] [Render thread/WARN] (Minecraft) Requested creation of existing team 'kmr_krowwww'
[23:54:53] [Render thread/WARN] (Minecraft) Requested creation of existing team 'hlazergo1'
[23:54:53] [Render thread/WARN] (Minecraft) Requested creation of existing team 'hlazergo1'
[23:54:54] [Render thread/WARN] (Minecraft) Requested creation of existing team 'kmr_krowwww'
[23:54:54] [Render thread/WARN] (Minecraft) Requested creation of existing team 'hlazergo1'
[23:54:54] [Render thread/WARN] (Minecraft) Requested creation of existing team 'hlazergo1'
[23:54:54] [Render thread/WARN] (Minecraft) Requested creation of existing team 'kmr_krowwww'
[23:54:54] [Render thread/WARN] (Minecraft) Requested creation of existing team 'hlazergo1'
[23:54:54] [Render thread/WARN] (Minecraft) Requested creation of existing team 'hlazergo1'
[23:54:54] [Render thread/WARN] (Minecraft) Requested creation of existing team 'hlazergo1'
[23:54:54] [Render thread/WARN] (Minecraft) Requested creation of existing team 'kmr_krowwww'
[23:54:54] [Render thread/WARN] (Minecraft) Requested creation of existing team 'hlazergo1'
[23:54:54] [Render thread/WARN] (Minecraft) Requested creation of existing team 'hlazergo1'
[23:54:54] [Render thread/WARN] (Minecraft) Requested creation of existing team 'kmr_krowwww'
[23:54:54] [Render thread/WARN] (Minecraft) Requested creation of existing team 'hlazergo1'
[23:54:55] [Render thread/WARN] (Minecraft) Requested creation of existing team 'hlazergo1'
[23:54:55] [Render thread/WARN] (Minecraft) Requested creation of existing team 'kmr_krowwww'
[23:54:55] [Render thread/WARN] (Minecraft) Requested creation of existing team 'hlazergo1'
[23:54:55] [Render thread/INFO] (Minecraft) [System] [CHAT] [ɢ]  [Игрок] Aqoi  ➦ Что лучше потрошитель или круш
[23:54:55] [Render thread/WARN] (Minecraft) Requested creation of existing team 'hlazergo1'
[23:54:55] [Render thread/WARN] (Minecraft) Requested creation of existing team 'kmr_krowwww'
[23:54:55] [Render thread/WARN] (Minecraft) Requested creation of existing team 'hlazergo1'
[23:54:55] [Render thread/WARN] (Minecraft) Requested creation of existing team 'hlazergo1'
[23:54:55] [Render thread/WARN] (Minecraft) Requested creation of existing team 'hlazergo1'
[23:54:55] [Render thread/WARN] (Minecraft) Requested creation of existing team 'kmr_krowwww'
[23:54:55] [Render thread/WARN] (Minecraft) Requested creation of existing team 'hlazergo1'
[23:54:55] [Render thread/WARN] (Minecraft) Requested creation of existing team 'hlazergo1'
[23:54:55] [Render thread/WARN] (Minecraft) Requested creation of existing team 'kmr_krowwww'
[23:54:56] [Render thread/WARN] (Minecraft) Requested creation of existing team 'hlazergo1'
[23:54:56] [Render thread/WARN] (Minecraft) Requested creation of existing team 'hlazergo1'
[23:54:56] [Render thread/WARN] (Minecraft) Requested creation of existing team 'kmr_krowwww'
[23:54:56] [Render thread/WARN] (Minecraft) Requested creation of existing team 'hlazergo1'
[23:54:56] [Render thread/WARN] (Minecraft) Requested creation of existing team 'hlazergo1'
[23:54:56] [Render thread/WARN] (Minecraft) Requested creation of existing team 'kmr_krowwww'
[23:54:56] [Render thread/WARN] (Minecraft) Requested creation of existing team 'hlazergo1'
[23:54:56] [Render thread/WARN] (Minecraft) Requested creation of existing team 'hlazergo1'
[23:54:56] [Render thread/WARN] (Minecraft) Requested creation of existing team 'kmr_krowwww'
[23:54:56] [Render thread/WARN] (Minecraft) Requested creation of existing team 'hlazergo1'
[23:54:57] [Render thread/WARN] (Minecraft) Requested creation of existing team 'hlazergo1'
[23:54:57] [Render thread/WARN] (Minecraft) Requested creation of existing team 'kmr_krowwww'
[23:54:57] [Render thread/WARN] (Minecraft) Requested creation of existing team 'hlazergo1'
[23:54:57] [Render thread/WARN] (Minecraft) Requested creation of existing team 'hlazergo1'
[23:54:57] [Render thread/WARN] (Minecraft) Requested creation of existing team 'kmr_krowwww'
[23:54:57] [Render thread/WARN] (Minecraft) Requested creation of existing team 'hlazergo1'
[23:54:57] [Render thread/WARN] (Minecraft) Requested creation of existing team 'hlazergo1'
[23:54:57] [Render thread/WARN] (Minecraft) Requested creation of existing team 'kmr_krowwww'
[23:54:57] [Render thread/WARN] (Minecraft) Requested creation of existing team 'hlazergo1'
[23:54:57] [Render thread/WARN] (Minecraft) Requested creation of existing team 'hlazergo1'
[23:54:57] [Render thread/WARN] (Minecraft) Requested creation of existing team 'kmr_krowwww'
[23:54:57] [Render thread/WARN] (Minecraft) Requested creation of existing team 'hlazergo1'
[23:54:58] [Render thread/WARN] (Minecraft) Requested creation of existing team 'hlazergo1'
[23:54:58] [Render thread/WARN] (Minecraft) Requested creation of existing team 'hlazergo1'
[23:54:58] [Render thread/WARN] (Minecraft) Requested creation of existing team 'kmr_krowwww'
[23:54:58] [Render thread/WARN] (Minecraft) Requested creation of existing team 'hlazergo1'
[23:54:58] [Render thread/WARN] (Minecraft) Requested creation of existing team 'hlazergo1'
[23:54:58] [Render thread/WARN] (Minecraft) Requested creation of existing team 'kmr_krowwww'
[23:54:58] [Render thread/WARN] (Minecraft) Requested creation of existing team 'hlazergo1'
[23:54:58] [Render thread/WARN] (Minecraft) Requested creation of existing team 'hlazergo1'
[23:54:58] [Render thread/WARN] (Minecraft) Requested creation of existing team 'kmr_krowwww'
[23:54:58] [Render thread/WARN] (Minecraft) Requested creation of existing team 'hlazergo1'
[23:54:58] [Render thread/WARN] (Minecraft) Requested creation of existing team 'hlazergo1'
[23:54:59] [Render thread/WARN] (Minecraft) Requested creation of existing team 'kmr_krowwww'
[23:54:59] [Render thread/WARN] (Minecraft) Requested creation of existing team 'hlazergo1'
[23:54:59] [Render thread/WARN] (Minecraft) Requested creation of existing team 'hlazergo1'
[23:54:59] [Render thread/WARN] (Minecraft) Requested creation of existing team 'kmr_krowwww'
[23:54:59] [Render thread/WARN] (Minecraft) Requested creation of existing team 'hlazergo1'
[23:54:59] [Render thread/WARN] (Minecraft) Requested creation of existing team 'hlazergo1'
[23:54:59] [Render thread/WARN] (Minecraft) Requested creation of existing team 'kmr_krowwww'
[23:54:59] [Render thread/WARN] (Minecraft) Requested creation of existing team 'hlazergo1'
[23:54:59] [Render thread/WARN] (Minecraft) Requested creation of existing team 'hlazergo1'
[23:54:59] [Render thread/WARN] (Minecraft) Requested creation of existing team 'kmr_krowwww'
[23:54:59] [Render thread/WARN] (Minecraft) Requested creation of existing team 'hlazergo1'
[23:54:59] [Render thread/WARN] (Minecraft) Requested creation of existing team 'hlazergo1'
[23:55:00] [Render thread/WARN] (Minecraft) Requested creation of existing team 'hlazergo1'
[23:55:00] [Render thread/WARN] (Minecraft) Requested creation of existing team 'kmr_krowwww'
[23:55:00] [Render thread/WARN] (Minecraft) Requested creation of existing team 'hlazergo1'
[23:55:00] [Render thread/WARN] (Minecraft) Requested creation of existing team 'kmr_krowwww'
[23:55:00] [Render thread/WARN] (Minecraft) Requested creation of existing team 'hlazergo1'
[23:55:00] [Render thread/WARN] (Minecraft) Requested creation of existing team 'hlazergo1'
[23:55:00] [Render thread/WARN] (Minecraft) Requested creation of existing team 'hlazergo1'
[23:55:00] [Render thread/WARN] (Minecraft) Requested creation of existing team 'kmr_krowwww'
[23:55:00] [Render thread/WARN] (Minecraft) Requested creation of existing team 'hlazergo1'
[23:55:00] [Render thread/WARN] (Minecraft) Requested creation of existing team 'hlazergo1'
[23:55:00] [Render thread/WARN] (Minecraft) Requested creation of existing team 'kmr_krowwww'
[23:55:01] [Render thread/WARN] (Minecraft) Requested creation of existing team 'hlazergo1'
[23:55:01] [Render thread/WARN] (Minecraft) Requested creation of existing team 'hlazergo1'
[23:55:02] [Render thread/INFO] (Minecraft) Stopping!
